<?xml version="1.0" encoding="UTF-8"?>
<!-- Generated by org.testng.reporters.JUnitReportReporter -->
<testsuite hostname="PC-f7ad11" failures="0" tests="4" name="com.actitime.customer.Createcustomer" time="13.104" errors="0" timestamp="2022-11-23T13:56:27 IST" skipped="0">
  <testcase classname="com.actitime.customer.Createcustomer" name="createcustomer" time="2.806"/>
  <system-out/>
  <testcase classname="com.actitime.customer.Createcustomer" name="createcustomer" time="2.858"/>
  <system-out/>
  <testcase classname="com.actitime.customer.Createcustomer" name="createcustomer" time="3.741"/>
  <system-out/>
  <testcase classname="com.actitime.customer.Createcustomer" name="createcustomer" time="3.699"/>
  <system-out/>
</testsuite> <!-- com.actitime.customer.Createcustomer -->
